<?xml version="1.0" encoding="UTF-8" ?>
<testsuite tests="19" failures="0" name="org.getalp.blexisma.wiktionary.WiktionaryExtractorTest" time="0.006" errors="0" skipped="0">
  <properties>
[...]
</properties>
  <testcase classname="org.getalp.blexisma.wiktionary.WiktionaryExtractorTest" name="testLinkIsKeptInHumanReadableForm" time="0"/>
  <testcase classname="org.getalp.blexisma.wiktionary.WiktionaryExtractorTest" name="testLeadingChars" time="0"/>
  <testcase classname="org.getalp.blexisma.wiktionary.WiktionaryExtractorTest" name="testTrailingChars" time="0"/>
  <testcase classname="org.getalp.blexisma.wiktionary.WiktionaryExtractorTest" name="testInsiders" time="0"/>
  <testcase classname="org.getalp.blexisma.wiktionary.WiktionaryExtractorTest" name="testAllWhites" time="0"/>
  <testcase classname="org.getalp.blexisma.wiktionary.WiktionaryExtractorTest" name="testEmpty" time="0"/>
  <testcase classname="org.getalp.blexisma.wiktionary.WiktionaryExtractorTest" name="testMacroIsIgnored" time="0"/>
  <testcase classname="org.getalp.blexisma.wiktionary.WiktionaryExtractorTest" name="testLinkIsKeptInDefaultForm" time="0"/>
  <testcase classname="org.getalp.blexisma.wiktionary.WiktionaryExtractorTest" name="testLinkWithoutOccurenceIsKeptInDefaultForm" time="0"/>
  <testcase classname="org.getalp.blexisma.wiktionary.WiktionaryExtractorTest" name="testLinkWithoutOccurenceIsHumanReadableForm" time="0"/>
  <testcase classname="org.getalp.blexisma.wiktionary.WiktionaryExtractorTest" name="testLinkWithStupidlyEncodedMorphology" time="0"/>
  <testcase classname="org.getalp.blexisma.wiktionary.WiktionaryExtractorTest" name="testDefWithStupidlyEncodedMorphology" time="0.001"/>
  <testcase classname="org.getalp.blexisma.wiktionary.WiktionaryExtractorTest" name="testDocumentationExampleNonHumanReadable" time="0.001"/>
  <testcase classname="org.getalp.blexisma.wiktionary.WiktionaryExtractorTest" name="testDocumentationExampleHumanReadable" time="0.001"/>
  <testcase classname="org.getalp.blexisma.wiktionary.WiktionaryExtractorTest" name="testEmphasized" time="0"/>
  <testcase classname="org.getalp.blexisma.wiktionary.WiktionaryExtractorTest" name="testXmlComments1" time="0"/>
  <testcase classname="org.getalp.blexisma.wiktionary.WiktionaryExtractorTest" name="testXmlComments2" time="0"/>
  <testcase classname="org.getalp.blexisma.wiktionary.WiktionaryExtractorTest" name="testXmlCommentsOnRamangerie" time="0.003"/>
  <testcase classname="org.getalp.blexisma.wiktionary.WiktionaryExtractorTest" name="testDefinitionToHumanReadable" time="0"/>
</testsuite>